<?xml version="1.0" encoding="UTF-8"?>
<robot generator="Robot 3.2.2 (Python 3.8.5 on darwin)" generated="20210208 20:09:15.725" rpa="false">
<suite id="s1" name="Valid Login" source="/Users/liyanadominguez/Desktop/School/20-21/Term 1/STSWENG/UChanRobot/tests/valid_login.robot">
<test id="s1-t1" name="Successful Moderator Login">
<kw name="Open Browser" library="SeleniumLibrary">
<doc>Opens a new browser instance to the optional ``url``.</doc>
<arguments>
<arg>https://uchan-atest.herokuapp.com/xeroxthis</arg>
<arg>Chrome</arg>
</arguments>
<msg timestamp="20210208 20:09:16.233" level="INFO">Opening browser 'Chrome' to base url 'https://uchan-atest.herokuapp.com/xeroxthis'.</msg>
<status status="PASS" starttime="20210208 20:09:16.232" endtime="20210208 20:09:22.725"></status>
</kw>
<kw name="Maximize Browser Window" library="SeleniumLibrary">
<doc>Maximizes current browser window.</doc>
<status status="PASS" starttime="20210208 20:09:22.726" endtime="20210208 20:09:22.916"></status>
</kw>
<kw name="Set Selenium Speed" library="SeleniumLibrary">
<doc>Sets the delay that is waited after each Selenium command.</doc>
<arguments>
<arg>0</arg>
</arguments>
<status status="PASS" starttime="20210208 20:09:22.916" endtime="20210208 20:09:22.917"></status>
</kw>
<kw name="Page Should Contain Element" library="SeleniumLibrary">
<doc>Verifies that element ``locator`` is found on the current page.</doc>
<arguments>
<arg>id-login</arg>
</arguments>
<msg timestamp="20210208 20:09:22.946" level="INFO">Current page contains element 'id-login'.</msg>
<status status="PASS" starttime="20210208 20:09:22.917" endtime="20210208 20:09:22.946"></status>
</kw>
<kw name="Input Text" library="SeleniumLibrary">
<doc>Types the given ``text`` into the text field identified by ``locator``.</doc>
<arguments>
<arg>id-login</arg>
<arg>DARVIN_REAL</arg>
</arguments>
<msg timestamp="20210208 20:09:22.947" level="INFO">Typing text 'DARVIN_REAL' into text field 'id-login'.</msg>
<status status="PASS" starttime="20210208 20:09:22.947" endtime="20210208 20:09:23.257"></status>
</kw>
<kw name="Input Text" library="SeleniumLibrary">
<doc>Types the given ``text`` into the text field identified by ``locator``.</doc>
<arguments>
<arg>password-login</arg>
<arg>123456789</arg>
</arguments>
<msg timestamp="20210208 20:09:23.258" level="INFO">Typing text '123456789' into text field 'password-login'.</msg>
<status status="PASS" starttime="20210208 20:09:23.258" endtime="20210208 20:09:23.362"></status>
</kw>
<kw name="Click Button" library="SeleniumLibrary">
<doc>Clicks the button identified by ``locator``.</doc>
<arguments>
<arg>class:btn</arg>
</arguments>
<msg timestamp="20210208 20:09:23.363" level="INFO">Clicking button 'class:btn'.</msg>
<status status="PASS" starttime="20210208 20:09:23.363" endtime="20210208 20:09:27.574"></status>
</kw>
<kw name="Element Text Should Be" library="SeleniumLibrary">
<doc>Verifies that element ``locator`` contains exact the text ``expected``.</doc>
<arguments>
<arg>css:h2</arg>
<arg>Boards</arg>
</arguments>
<msg timestamp="20210208 20:09:27.575" level="INFO">Verifying element 'css:h2' contains exact text 'Boards'.</msg>
<status status="PASS" starttime="20210208 20:09:27.575" endtime="20210208 20:09:27.605"></status>
</kw>
<kw name="Close Browser" library="SeleniumLibrary" type="teardown">
<doc>Closes the current browser.</doc>
<status status="PASS" starttime="20210208 20:09:27.606" endtime="20210208 20:09:27.736"></status>
</kw>
<status status="PASS" starttime="20210208 20:09:16.232" endtime="20210208 20:09:27.737" critical="yes"></status>
</test>
<test id="s1-t2" name="Successful Admin login">
<kw name="Open Browser" library="SeleniumLibrary">
<doc>Opens a new browser instance to the optional ``url``.</doc>
<arguments>
<arg>https://uchan-atest.herokuapp.com/xeroxthis</arg>
<arg>Chrome</arg>
</arguments>
<msg timestamp="20210208 20:09:27.744" level="INFO">Opening browser 'Chrome' to base url 'https://uchan-atest.herokuapp.com/xeroxthis'.</msg>
<status status="PASS" starttime="20210208 20:09:27.744" endtime="20210208 20:09:34.154"></status>
</kw>
<kw name="Maximize Browser Window" library="SeleniumLibrary">
<doc>Maximizes current browser window.</doc>
<status status="PASS" starttime="20210208 20:09:34.155" endtime="20210208 20:09:34.330"></status>
</kw>
<kw name="Set Selenium Speed" library="SeleniumLibrary">
<doc>Sets the delay that is waited after each Selenium command.</doc>
<arguments>
<arg>0</arg>
</arguments>
<status status="PASS" starttime="20210208 20:09:34.331" endtime="20210208 20:09:34.331"></status>
</kw>
<kw name="Page Should Contain Element" library="SeleniumLibrary">
<doc>Verifies that element ``locator`` is found on the current page.</doc>
<arguments>
<arg>id-login</arg>
</arguments>
<msg timestamp="20210208 20:09:34.354" level="INFO">Current page contains element 'id-login'.</msg>
<status status="PASS" starttime="20210208 20:09:34.332" endtime="20210208 20:09:34.354"></status>
</kw>
<kw name="Input Text" library="SeleniumLibrary">
<doc>Types the given ``text`` into the text field identified by ``locator``.</doc>
<arguments>
<arg>id-login</arg>
<arg>admin</arg>
</arguments>
<msg timestamp="20210208 20:09:34.355" level="INFO">Typing text 'admin' into text field 'id-login'.</msg>
<status status="PASS" starttime="20210208 20:09:34.355" endtime="20210208 20:09:34.613"></status>
</kw>
<kw name="Input Text" library="SeleniumLibrary">
<doc>Types the given ``text`` into the text field identified by ``locator``.</doc>
<arguments>
<arg>password-login</arg>
<arg>123456789</arg>
</arguments>
<msg timestamp="20210208 20:09:34.614" level="INFO">Typing text '123456789' into text field 'password-login'.</msg>
<status status="PASS" starttime="20210208 20:09:34.614" endtime="20210208 20:09:34.754"></status>
</kw>
<kw name="Click Button" library="SeleniumLibrary">
<doc>Clicks the button identified by ``locator``.</doc>
<arguments>
<arg>class:btn</arg>
</arguments>
<msg timestamp="20210208 20:09:34.755" level="INFO">Clicking button 'class:btn'.</msg>
<status status="PASS" starttime="20210208 20:09:34.754" endtime="20210208 20:09:36.670"></status>
</kw>
<kw name="Element Text Should Be" library="SeleniumLibrary">
<doc>Verifies that element ``locator`` contains exact the text ``expected``.</doc>
<arguments>
<arg>css:h2</arg>
<arg>Boards</arg>
</arguments>
<msg timestamp="20210208 20:09:36.670" level="INFO">Verifying element 'css:h2' contains exact text 'Boards'.</msg>
<status status="PASS" starttime="20210208 20:09:36.670" endtime="20210208 20:09:36.696"></status>
</kw>
<kw name="Close Browser" library="SeleniumLibrary" type="teardown">
<doc>Closes the current browser.</doc>
<status status="PASS" starttime="20210208 20:09:36.697" endtime="20210208 20:09:36.798"></status>
</kw>
<status status="PASS" starttime="20210208 20:09:27.741" endtime="20210208 20:09:36.799" critical="yes"></status>
</test>
<doc>A test suite with a test for valid login of Moderator and Admin</doc>
<status status="PASS" starttime="20210208 20:09:15.728" endtime="20210208 20:09:36.800"></status>
</suite>
<statistics>
<total>
<stat pass="2" fail="0">Critical Tests</stat>
<stat pass="2" fail="0">All Tests</stat>
</total>
<tag>
</tag>
<suite>
<stat pass="2" fail="0" id="s1" name="Valid Login">Valid Login</stat>
</suite>
</statistics>
<errors>
</errors>
</robot>
